Using pre-set license
Built from '2021.3/staging' branch; Version is '2021.3.15f1 (e8e88683f834) revision 15263878'; Using compiler version '192829333'; Build Type 'Release'
OS: 'Windows 10  (10.0.19045) 64bit Professional' Language: 'pt' Physical Memory: 12166 MB
BatchMode: 1, IsHumanControllingUs: 0, StartBugReporterOnCrash: 0, Is64bit: 1, IsPro: 1

COMMAND LINE ARGUMENTS:
C:\Program Files\Unity\Hub\Editor\2021.3.15f1\Editor\Unity.exe
-adb2
-batchMode
-noUpm
-name
AssetImportWorker1
-projectPath
D:/TCC_Project/AprendizadoPorReforco_TCC
-logFile
Logs/AssetImportWorker1.log
-srvPort
50243
Successfully changed project path to: D:/TCC_Project/AprendizadoPorReforco_TCC
D:/TCC_Project/AprendizadoPorReforco_TCC
[UnityMemory] Configuration Parameters - Can be set up in boot.config
    "memorysetup-bucket-allocator-granularity=16"
    "memorysetup-bucket-allocator-bucket-count=8"
    "memorysetup-bucket-allocator-block-size=33554432"
    "memorysetup-bucket-allocator-block-count=8"
    "memorysetup-main-allocator-block-size=16777216"
    "memorysetup-thread-allocator-block-size=16777216"
    "memorysetup-gfx-main-allocator-block-size=16777216"
    "memorysetup-gfx-thread-allocator-block-size=16777216"
    "memorysetup-cache-allocator-block-size=4194304"
    "memorysetup-typetree-allocator-block-size=2097152"
    "memorysetup-profiler-bucket-allocator-granularity=16"
    "memorysetup-profiler-bucket-allocator-bucket-count=8"
    "memorysetup-profiler-bucket-allocator-block-size=33554432"
    "memorysetup-profiler-bucket-allocator-block-count=8"
    "memorysetup-profiler-allocator-block-size=16777216"
    "memorysetup-profiler-editor-allocator-block-size=1048576"
    "memorysetup-temp-allocator-size-main=16777216"
    "memorysetup-job-temp-allocator-block-size=2097152"
    "memorysetup-job-temp-allocator-block-size-background=1048576"
    "memorysetup-job-temp-allocator-reduction-small-platforms=262144"
    "memorysetup-temp-allocator-size-background-worker=32768"
    "memorysetup-temp-allocator-size-job-worker=262144"
    "memorysetup-temp-allocator-size-preload-manager=33554432"
    "memorysetup-temp-allocator-size-nav-mesh-worker=65536"
    "memorysetup-temp-allocator-size-audio-worker=65536"
    "memorysetup-temp-allocator-size-cloud-worker=32768"
    "memorysetup-temp-allocator-size-gi-baking-worker=262144"
    "memorysetup-temp-allocator-size-gfx=262144"
Player connection [14376] Host "[IP] 192.168.1.7 [Port] 0 [Flags] 2 [Guid] 930929692 [EditorId] 930929692 [Version] 1048832 [Id] WindowsEditor(7,DESKTOP-KBKU9CD) [Debug] 1 [PackageName] WindowsEditor [ProjectName] Editor" joined multi-casting on [225.0.0.222:54997]...

Player connection [14376] Host "[IP] 192.168.1.7 [Port] 0 [Flags] 2 [Guid] 930929692 [EditorId] 930929692 [Version] 1048832 [Id] WindowsEditor(7,DESKTOP-KBKU9CD) [Debug] 1 [PackageName] WindowsEditor [ProjectName] Editor" joined alternative multi-casting on [225.0.0.222:34997]...

Refreshing native plugins compatible for Editor in 85.19 ms, found 3 plugins.
Preloading 0 native plugins for Editor in 0.00 ms.
Initialize engine version: 2021.3.15f1 (e8e88683f834)
[Subsystems] Discovering subsystems at path C:/Program Files/Unity/Hub/Editor/2021.3.15f1/Editor/Data/Resources/UnitySubsystems
[Subsystems] Discovering subsystems at path D:/TCC_Project/AprendizadoPorReforco_TCC/Assets
GfxDevice: creating device client; threaded=0; jobified=0
Direct3D:
    Version:  Direct3D 11.0 [level 11.1]
    Renderer: Intel(R) HD Graphics 4600 (ID=0x412)
    Vendor:   Intel
    VRAM:     2048 MB
    Driver:   20.19.15.4531
Initialize mono
Mono path[0] = 'C:/Program Files/Unity/Hub/Editor/2021.3.15f1/Editor/Data/Managed'
Mono path[1] = 'C:/Program Files/Unity/Hub/Editor/2021.3.15f1/Editor/Data/MonoBleedingEdge/lib/mono/unityjit-win32'
Mono config path = 'C:/Program Files/Unity/Hub/Editor/2021.3.15f1/Editor/Data/MonoBleedingEdge/etc'
Using monoOptions --debugger-agent=transport=dt_socket,embedding=1,server=y,suspend=n,address=127.0.0.1:56684
Begin MonoManager ReloadAssembly
Registering precompiled unity dll's ...
Register platform support module: C:/Program Files/Unity/Hub/Editor/2021.3.15f1/Editor/Data/PlaybackEngines/WindowsStandaloneSupport/UnityEditor.WindowsStandalone.Extensions.dll
Register platform support module: C:/Program Files/Unity/Hub/Editor/2021.3.15f1/Editor/Data/PlaybackEngines/MetroSupport/UnityEditor.UWP.Extensions.dll
Registered in 0.006633 seconds.
Native extension for UWP target not found
Native extension for WindowsStandalone target not found
Refreshing native plugins compatible for Editor in 85.66 ms, found 3 plugins.
Preloading 0 native plugins for Editor in 0.00 ms.
Mono: successfully reloaded assembly
- Completed reload, in  1.256 seconds
Domain Reload Profiling:
	ReloadAssembly (1257ms)
		BeginReloadAssembly (87ms)
			ExecutionOrderSort (0ms)
			DisableScriptedObjects (0ms)
			BackupInstance (0ms)
			ReleaseScriptingObjects (0ms)
			CreateAndSetChildDomain (1ms)
		EndReloadAssembly (868ms)
			LoadAssemblies (85ms)
			RebuildTransferFunctionScriptingTraits (0ms)
			SetupTypeCache (423ms)
			ReleaseScriptCaches (0ms)
			RebuildScriptCaches (35ms)
			SetupLoadedEditorAssemblies (345ms)
				LogAssemblyErrors (0ms)
				InitializePlatformSupportModulesInManaged (10ms)
				SetLoadedEditorAssemblies (0ms)
				RefreshPlugins (86ms)
				BeforeProcessingInitializeOnLoad (2ms)
				ProcessInitializeOnLoadAttributes (150ms)
				ProcessInitializeOnLoadMethodAttributes (97ms)
				AfterProcessingInitializeOnLoad (0ms)
				EditorAssembliesLoaded (0ms)
			ExecutionOrderSort2 (0ms)
			AwakeInstancesAfterBackupRestoration (0ms)
Platform modules already initialized, skipping
Registering precompiled user dll's ...
Registered in 0.008599 seconds.
Begin MonoManager ReloadAssembly
Symbol file LoadedFromMemory doesn't match image D:\TCC_Project\AprendizadoPorReforco_TCC\Library\PackageCache\com.unity.visualscripting@1.7.8\Editor\VisualScripting.Core\Dependencies\YamlDotNet\Unity.VisualScripting.YamlDotNet.dll
Symbol file LoadedFromMemory doesn't match image D:\TCC_Project\AprendizadoPorReforco_TCC\Library\PackageCache\com.unity.visualscripting@1.7.8\Editor\VisualScripting.Core\Dependencies\DotNetZip\Unity.VisualScripting.IonicZip.dll
Native extension for UWP target not found
Native extension for WindowsStandalone target not found
Refreshing native plugins compatible for Editor in 0.86 ms, found 3 plugins.
Preloading 0 native plugins for Editor in 0.00 ms.
Mono: successfully reloaded assembly
- Completed reload, in  1.420 seconds
Domain Reload Profiling:
	ReloadAssembly (1421ms)
		BeginReloadAssembly (132ms)
			ExecutionOrderSort (0ms)
			DisableScriptedObjects (7ms)
			BackupInstance (0ms)
			ReleaseScriptingObjects (0ms)
			CreateAndSetChildDomain (24ms)
		EndReloadAssembly (1149ms)
			LoadAssemblies (92ms)
			RebuildTransferFunctionScriptingTraits (0ms)
			SetupTypeCache (505ms)
			ReleaseScriptCaches (1ms)
			RebuildScriptCaches (66ms)
			SetupLoadedEditorAssemblies (435ms)
				LogAssemblyErrors (0ms)
				InitializePlatformSupportModulesInManaged (7ms)
				SetLoadedEditorAssemblies (1ms)
				RefreshPlugins (1ms)
				BeforeProcessingInitializeOnLoad (95ms)
				ProcessInitializeOnLoadAttributes (292ms)
				ProcessInitializeOnLoadMethodAttributes (31ms)
				AfterProcessingInitializeOnLoad (7ms)
				EditorAssembliesLoaded (0ms)
			ExecutionOrderSort2 (0ms)
			AwakeInstancesAfterBackupRestoration (8ms)
Platform modules already initialized, skipping
========================================================================
Worker process is ready to serve import requests
Launched and connected shader compiler UnityShaderCompiler.exe after 0.13 seconds
Refreshing native plugins compatible for Editor in 0.74 ms, found 3 plugins.
Preloading 0 native plugins for Editor in 0.00 ms.
Unloading 3383 Unused Serialized files (Serialized files now loaded: 0)
Unloading 24 unused Assets / (30.2 KB). Loaded Objects now: 3866.
Memory consumption went from 137.7 MB to 137.7 MB.
Total: 25.092100 ms (FindLiveObjects: 0.548800 ms CreateObjectMapping: 0.398700 ms MarkObjects: 24.099300 ms  DeleteObjects: 0.044000 ms)

AssetImportParameters requested are different than current active one (requested -> active):
  custom:video-decoder-ogg-theora: a1e56fd34408186e4bbccfd4996cb3dc -> 
  custom:container-muxer-webm: aa71ff27fc2769a1b78a27578f13a17b -> 
  custom:container-demuxer-webm: 4f35f7cbe854078d1ac9338744f61a02 -> 
  custom:video-encoder-webm-vp8: eb34c28f22e8b96e1ab97ce403110664 -> 
  custom:audio-encoder-webm-vorbis: bf7c407c2cedff20999df2af8eb42d56 -> 
  custom:framework-win-MediaFoundation: 216162199b28c13a410421893ffa2e32 -> 
  custom:container-demuxer-ogg: 62fdf1f143b41e24485cea50d1cbac27 -> 
  custom:video-decoder-webm-vp8: 9c59270c3fd7afecdb556c50c9e8de78 -> 
  custom:audio-decoder-ogg-vorbis: bf7c407c2cedff20999df2af8eb42d56 -> 
========================================================================
Received Import Request.
  Time since last request: 16409.671397 seconds.
  path: ProjectSettings/TagManager.asset
  artifactKey: Guid(00000000000000003000000000000000) Importer(815301076,1909f56bfc062723c751e8b465ee728b)
Start importing ProjectSettings/TagManager.asset using Guid(00000000000000003000000000000000) Importer(815301076,1909f56bfc062723c751e8b465ee728b)  -> (artifact id: '5b9298d2186f21f27f867d10510e5552') in 0.066492 seconds 
========================================================================
Received Prepare
Registering precompiled user dll's ...
Registered in 0.005544 seconds.
Begin MonoManager ReloadAssembly
Symbol file LoadedFromMemory doesn't match image D:\TCC_Project\AprendizadoPorReforco_TCC\Library\PackageCache\com.unity.visualscripting@1.7.8\Editor\VisualScripting.Core\Dependencies\YamlDotNet\Unity.VisualScripting.YamlDotNet.dll
Symbol file LoadedFromMemory doesn't match image D:\TCC_Project\AprendizadoPorReforco_TCC\Library\PackageCache\com.unity.visualscripting@1.7.8\Editor\VisualScripting.Core\Dependencies\DotNetZip\Unity.VisualScripting.IonicZip.dll
Native extension for UWP target not found
Native extension for WindowsStandalone target not found
Refreshing native plugins compatible for Editor in 0.84 ms, found 3 plugins.
Preloading 0 native plugins for Editor in 0.00 ms.
Mono: successfully reloaded assembly
- Completed reload, in  1.286 seconds
Domain Reload Profiling:
	ReloadAssembly (1287ms)
		BeginReloadAssembly (172ms)
			ExecutionOrderSort (0ms)
			DisableScriptedObjects (7ms)
			BackupInstance (0ms)
			ReleaseScriptingObjects (0ms)
			CreateAndSetChildDomain (48ms)
		EndReloadAssembly (981ms)
			LoadAssemblies (105ms)
			RebuildTransferFunctionScriptingTraits (0ms)
			SetupTypeCache (366ms)
			ReleaseScriptCaches (1ms)
			RebuildScriptCaches (48ms)
			SetupLoadedEditorAssemblies (397ms)
				LogAssemblyErrors (0ms)
				InitializePlatformSupportModulesInManaged (16ms)
				SetLoadedEditorAssemblies (1ms)
				RefreshPlugins (1ms)
				BeforeProcessingInitializeOnLoad (69ms)
				ProcessInitializeOnLoadAttributes (274ms)
				ProcessInitializeOnLoadMethodAttributes (29ms)
				AfterProcessingInitializeOnLoad (7ms)
				EditorAssembliesLoaded (0ms)
			ExecutionOrderSort2 (0ms)
			AwakeInstancesAfterBackupRestoration (8ms)
Platform modules already initialized, skipping
Refreshing native plugins compatible for Editor in 2.35 ms, found 3 plugins.
Preloading 0 native plugins for Editor in 0.00 ms.
Unloading 3363 Unused Serialized files (Serialized files now loaded: 0)
Unloading 19 unused Assets / (24.6 KB). Loaded Objects now: 3870.
Memory consumption went from 136.2 MB to 136.2 MB.
Total: 7.942300 ms (FindLiveObjects: 0.385700 ms CreateObjectMapping: 0.270300 ms MarkObjects: 7.251800 ms  DeleteObjects: 0.033100 ms)

AssetImportParameters requested are different than current active one (requested -> active):
  custom:video-decoder-ogg-theora: a1e56fd34408186e4bbccfd4996cb3dc -> 
  custom:container-muxer-webm: aa71ff27fc2769a1b78a27578f13a17b -> 
  custom:container-demuxer-webm: 4f35f7cbe854078d1ac9338744f61a02 -> 
  custom:video-encoder-webm-vp8: eb34c28f22e8b96e1ab97ce403110664 -> 
  custom:audio-encoder-webm-vorbis: bf7c407c2cedff20999df2af8eb42d56 -> 
  custom:framework-win-MediaFoundation: 216162199b28c13a410421893ffa2e32 -> 
  custom:container-demuxer-ogg: 62fdf1f143b41e24485cea50d1cbac27 -> 
  custom:video-decoder-webm-vp8: 9c59270c3fd7afecdb556c50c9e8de78 -> 
  custom:audio-decoder-ogg-vorbis: bf7c407c2cedff20999df2af8eb42d56 -> 
========================================================================
Received Import Request.
  Time since last request: 21.855719 seconds.
  path: Assets/Prefabs/Obstaculos/barreira1.prefab
  artifactKey: Guid(afdc5c47d964cfa4ea60ccc4dcae9c0e) Importer(815301076,1909f56bfc062723c751e8b465ee728b)
Start importing Assets/Prefabs/Obstaculos/barreira1.prefab using Guid(afdc5c47d964cfa4ea60ccc4dcae9c0e) Importer(815301076,1909f56bfc062723c751e8b465ee728b)  -> (artifact id: '686f982b34eb97dfe926947ace25181b') in 0.159178 seconds 
========================================================================
Received Import Request.
  Time since last request: 9.739462 seconds.
  path: Assets/Prefabs/Obstaculos/barreira2.prefab
  artifactKey: Guid(df3b68bde0976ab4e808000294d69859) Importer(815301076,1909f56bfc062723c751e8b465ee728b)
Start importing Assets/Prefabs/Obstaculos/barreira2.prefab using Guid(df3b68bde0976ab4e808000294d69859) Importer(815301076,1909f56bfc062723c751e8b465ee728b)  -> (artifact id: '7be6f5d142e8c4b6f6ec65d1c115d2e5') in 0.029736 seconds 
========================================================================
Received Import Request.
  Time since last request: 9.117259 seconds.
  path: Assets/Prefabs/Obstaculos/barreira3.prefab
  artifactKey: Guid(595fcb7015cf3a54eac8dd30644dc06d) Importer(815301076,1909f56bfc062723c751e8b465ee728b)
Start importing Assets/Prefabs/Obstaculos/barreira3.prefab using Guid(595fcb7015cf3a54eac8dd30644dc06d) Importer(815301076,1909f56bfc062723c751e8b465ee728b)  -> (artifact id: '9a90647684ae11dcbc003015e0df4da5') in 0.028583 seconds 
========================================================================
Received Import Request.
  Time since last request: 9.335013 seconds.
  path: Assets/Prefabs/Obstaculos/barreira4.prefab
  artifactKey: Guid(a1f51264602dc0444adfaed52b61cee7) Importer(815301076,1909f56bfc062723c751e8b465ee728b)
Start importing Assets/Prefabs/Obstaculos/barreira4.prefab using Guid(a1f51264602dc0444adfaed52b61cee7) Importer(815301076,1909f56bfc062723c751e8b465ee728b)  -> (artifact id: '7c4595c4d4923a0aa619d0eeb35d80ff') in 0.031946 seconds 
========================================================================
Received Import Request.
  Time since last request: 20.363353 seconds.
  path: Assets/Prefabs/Obstaculos/barreira5.prefab
  artifactKey: Guid(07a957bd973c220478241dab3f9b7b32) Importer(815301076,1909f56bfc062723c751e8b465ee728b)
Start importing Assets/Prefabs/Obstaculos/barreira5.prefab using Guid(07a957bd973c220478241dab3f9b7b32) Importer(815301076,1909f56bfc062723c751e8b465ee728b)  -> (artifact id: '81f765c710710d0c6f52b126bdbf0001') in 0.030919 seconds 
========================================================================
Received Import Request.
  Time since last request: 15.358447 seconds.
  path: Assets/Prefabs/Obstaculos/barreira6.prefab
  artifactKey: Guid(431d55a3fb3936940834a847a8c07edc) Importer(815301076,1909f56bfc062723c751e8b465ee728b)
Start importing Assets/Prefabs/Obstaculos/barreira6.prefab using Guid(431d55a3fb3936940834a847a8c07edc) Importer(815301076,1909f56bfc062723c751e8b465ee728b)  -> (artifact id: '8a0757f061ddd1b8d162cc7da86fab87') in 0.030704 seconds 
========================================================================
Received Import Request.
  Time since last request: 31.748714 seconds.
  path: Assets/Prefabs/Obstaculos/barreira7.prefab
  artifactKey: Guid(b267051ed1a34544b994be0f570aeea6) Importer(815301076,1909f56bfc062723c751e8b465ee728b)
Start importing Assets/Prefabs/Obstaculos/barreira7.prefab using Guid(b267051ed1a34544b994be0f570aeea6) Importer(815301076,1909f56bfc062723c751e8b465ee728b)  -> (artifact id: '5b25c1a922e012bd24ebdfa64fe792b0') in 0.021666 seconds 
========================================================================
Received Import Request.
  Time since last request: 9.670663 seconds.
  path: Assets/Prefabs/Obstaculos/barreira8.prefab
  artifactKey: Guid(1bcd35c3886f4af4199ae60a3d90a6aa) Importer(815301076,1909f56bfc062723c751e8b465ee728b)
Start importing Assets/Prefabs/Obstaculos/barreira8.prefab using Guid(1bcd35c3886f4af4199ae60a3d90a6aa) Importer(815301076,1909f56bfc062723c751e8b465ee728b)  -> (artifact id: '4378e285aa0b2862419c43adeabc63b3') in 0.030910 seconds 
========================================================================
Received Import Request.
  Time since last request: 13.752210 seconds.
  path: Assets/Prefabs/Obstaculos/barreira9.prefab
  artifactKey: Guid(dee594c424a201947a679d0bb9a9d2fb) Importer(815301076,1909f56bfc062723c751e8b465ee728b)
Start importing Assets/Prefabs/Obstaculos/barreira9.prefab using Guid(dee594c424a201947a679d0bb9a9d2fb) Importer(815301076,1909f56bfc062723c751e8b465ee728b)  -> (artifact id: '898ca33614cb5bce3cb91adfe37d0678') in 0.031860 seconds 
========================================================================
Received Import Request.
  Time since last request: 9.136138 seconds.
  path: Assets/Prefabs/Obstaculos/barreira10.prefab
  artifactKey: Guid(fea488f02e479364a9346c5c2c229ee0) Importer(815301076,1909f56bfc062723c751e8b465ee728b)
Start importing Assets/Prefabs/Obstaculos/barreira10.prefab using Guid(fea488f02e479364a9346c5c2c229ee0) Importer(815301076,1909f56bfc062723c751e8b465ee728b)  -> (artifact id: 'f0ef65d3809c061f927f45bc223d72b7') in 0.045405 seconds 
========================================================================
Received Import Request.
  Time since last request: 14.686680 seconds.
  path: Assets/Prefabs/Obstaculos/barreira11.prefab
  artifactKey: Guid(db87c970104b3c04997a2b33599125e9) Importer(815301076,1909f56bfc062723c751e8b465ee728b)
Start importing Assets/Prefabs/Obstaculos/barreira11.prefab using Guid(db87c970104b3c04997a2b33599125e9) Importer(815301076,1909f56bfc062723c751e8b465ee728b)  -> (artifact id: 'eabfb9ce309514dd9baf5641bec6b0de') in 0.033982 seconds 
========================================================================
Received Import Request.
  Time since last request: 9.091724 seconds.
  path: Assets/Prefabs/Obstaculos/barreira12.prefab
  artifactKey: Guid(3e749618b4a882343bb0e9cee0e71a7b) Importer(815301076,1909f56bfc062723c751e8b465ee728b)
Start importing Assets/Prefabs/Obstaculos/barreira12.prefab using Guid(3e749618b4a882343bb0e9cee0e71a7b) Importer(815301076,1909f56bfc062723c751e8b465ee728b)  -> (artifact id: 'a371ba1d5ebd290949f3fc0146cdd258') in 0.031511 seconds 
========================================================================
Received Prepare
Registering precompiled user dll's ...
Registered in 0.004541 seconds.
Begin MonoManager ReloadAssembly
Symbol file LoadedFromMemory doesn't match image D:\TCC_Project\AprendizadoPorReforco_TCC\Library\PackageCache\com.unity.visualscripting@1.7.8\Editor\VisualScripting.Core\Dependencies\YamlDotNet\Unity.VisualScripting.YamlDotNet.dll
Symbol file LoadedFromMemory doesn't match image D:\TCC_Project\AprendizadoPorReforco_TCC\Library\PackageCache\com.unity.visualscripting@1.7.8\Editor\VisualScripting.Core\Dependencies\DotNetZip\Unity.VisualScripting.IonicZip.dll
Native extension for UWP target not found
Native extension for WindowsStandalone target not found
Refreshing native plugins compatible for Editor in 1.89 ms, found 3 plugins.
Preloading 0 native plugins for Editor in 0.00 ms.
Mono: successfully reloaded assembly
- Completed reload, in  2.202 seconds
Domain Reload Profiling:
	ReloadAssembly (2203ms)
		BeginReloadAssembly (161ms)
			ExecutionOrderSort (0ms)
			DisableScriptedObjects (6ms)
			BackupInstance (0ms)
			ReleaseScriptingObjects (0ms)
			CreateAndSetChildDomain (48ms)
		EndReloadAssembly (1915ms)
			LoadAssemblies (97ms)
			RebuildTransferFunctionScriptingTraits (0ms)
			SetupTypeCache (557ms)
			ReleaseScriptCaches (5ms)
			RebuildScriptCaches (134ms)
			SetupLoadedEditorAssemblies (902ms)
				LogAssemblyErrors (0ms)
				InitializePlatformSupportModulesInManaged (48ms)
				SetLoadedEditorAssemblies (1ms)
				RefreshPlugins (2ms)
				BeforeProcessingInitializeOnLoad (137ms)
				ProcessInitializeOnLoadAttributes (626ms)
				ProcessInitializeOnLoadMethodAttributes (72ms)
				AfterProcessingInitializeOnLoad (14ms)
				EditorAssembliesLoaded (1ms)
			ExecutionOrderSort2 (0ms)
			AwakeInstancesAfterBackupRestoration (20ms)
Platform modules already initialized, skipping
Refreshing native plugins compatible for Editor in 14.22 ms, found 3 plugins.
Preloading 0 native plugins for Editor in 0.00 ms.
Unloading 3363 Unused Serialized files (Serialized files now loaded: 0)
Unloading 18 unused Assets / (24.6 KB). Loaded Objects now: 3880.
Memory consumption went from 140.7 MB to 140.6 MB.
Total: 7.451400 ms (FindLiveObjects: 0.601800 ms CreateObjectMapping: 0.600900 ms MarkObjects: 6.205200 ms  DeleteObjects: 0.041300 ms)

AssetImportParameters requested are different than current active one (requested -> active):
  custom:video-decoder-ogg-theora: a1e56fd34408186e4bbccfd4996cb3dc -> 
  custom:container-muxer-webm: aa71ff27fc2769a1b78a27578f13a17b -> 
  custom:container-demuxer-webm: 4f35f7cbe854078d1ac9338744f61a02 -> 
  custom:video-encoder-webm-vp8: eb34c28f22e8b96e1ab97ce403110664 -> 
  custom:audio-encoder-webm-vorbis: bf7c407c2cedff20999df2af8eb42d56 -> 
  custom:framework-win-MediaFoundation: 216162199b28c13a410421893ffa2e32 -> 
  custom:container-demuxer-ogg: 62fdf1f143b41e24485cea50d1cbac27 -> 
  custom:video-decoder-webm-vp8: 9c59270c3fd7afecdb556c50c9e8de78 -> 
  custom:audio-decoder-ogg-vorbis: bf7c407c2cedff20999df2af8eb42d56 -> 
========================================================================
Received Import Request.
  Time since last request: 265.645238 seconds.
  path: Assets/Prefabs/Obstaculos/barreira1.prefab
  artifactKey: Guid(afdc5c47d964cfa4ea60ccc4dcae9c0e) Importer(815301076,1909f56bfc062723c751e8b465ee728b)
Start importing Assets/Prefabs/Obstaculos/barreira1.prefab using Guid(afdc5c47d964cfa4ea60ccc4dcae9c0e) Importer(815301076,1909f56bfc062723c751e8b465ee728b)  -> (artifact id: 'b76a38df7ba49bd9f8c154da092bdd24') in 0.128772 seconds 
========================================================================
Received Import Request.
  Time since last request: 140.968245 seconds.
  path: Assets/Prefabs/Obstaculos/barreira1.prefab
  artifactKey: Guid(afdc5c47d964cfa4ea60ccc4dcae9c0e) Importer(815301076,1909f56bfc062723c751e8b465ee728b)
Start importing Assets/Prefabs/Obstaculos/barreira1.prefab using Guid(afdc5c47d964cfa4ea60ccc4dcae9c0e) Importer(815301076,1909f56bfc062723c751e8b465ee728b)  -> (artifact id: '068f34a584c2288c72247cef13fa8010') in 0.019246 seconds 
========================================================================
Received Import Request.
  Time since last request: 58.038973 seconds.
  path: Assets/Prefabs/Obstaculos/barreira2.prefab
  artifactKey: Guid(df3b68bde0976ab4e808000294d69859) Importer(815301076,1909f56bfc062723c751e8b465ee728b)
Start importing Assets/Prefabs/Obstaculos/barreira2.prefab using Guid(df3b68bde0976ab4e808000294d69859) Importer(815301076,1909f56bfc062723c751e8b465ee728b)  -> (artifact id: '6d45d5506aa726084a9556c6ec00661d') in 0.034415 seconds 
========================================================================
Received Import Request.
  Time since last request: 153.175767 seconds.
  path: Assets/Prefabs/Obstaculos/barreira2.prefab
  artifactKey: Guid(df3b68bde0976ab4e808000294d69859) Importer(815301076,1909f56bfc062723c751e8b465ee728b)
Start importing Assets/Prefabs/Obstaculos/barreira2.prefab using Guid(df3b68bde0976ab4e808000294d69859) Importer(815301076,1909f56bfc062723c751e8b465ee728b)  -> (artifact id: '631c1c1dc7d3bc2bc38a681502e45440') in 0.027797 seconds 
========================================================================
Received Import Request.
  Time since last request: 298.255570 seconds.
  path: Assets/Prefabs/Obstaculos/barreira3.prefab
  artifactKey: Guid(595fcb7015cf3a54eac8dd30644dc06d) Importer(815301076,1909f56bfc062723c751e8b465ee728b)
Start importing Assets/Prefabs/Obstaculos/barreira3.prefab using Guid(595fcb7015cf3a54eac8dd30644dc06d) Importer(815301076,1909f56bfc062723c751e8b465ee728b)  -> (artifact id: '0054696ebfc6539794e53d8976f80aa9') in 0.045621 seconds 
========================================================================
Received Import Request.
  Time since last request: 27.706169 seconds.
  path: Assets/Prefabs/Obstaculos/barreira3.prefab
  artifactKey: Guid(595fcb7015cf3a54eac8dd30644dc06d) Importer(815301076,1909f56bfc062723c751e8b465ee728b)
Start importing Assets/Prefabs/Obstaculos/barreira3.prefab using Guid(595fcb7015cf3a54eac8dd30644dc06d) Importer(815301076,1909f56bfc062723c751e8b465ee728b)  -> (artifact id: 'd9ac0b6704d2e74944669bdb032d803f') in 0.039283 seconds 
========================================================================
Received Import Request.
  Time since last request: 226.228122 seconds.
  path: Assets/Prefabs/Obstaculos/barreira3.prefab
  artifactKey: Guid(595fcb7015cf3a54eac8dd30644dc06d) Importer(815301076,1909f56bfc062723c751e8b465ee728b)
Start importing Assets/Prefabs/Obstaculos/barreira3.prefab using Guid(595fcb7015cf3a54eac8dd30644dc06d) Importer(815301076,1909f56bfc062723c751e8b465ee728b)  -> (artifact id: 'f49ac375678622413806779ab207b098') in 0.030460 seconds 
========================================================================
Received Import Request.
  Time since last request: 51.411841 seconds.
  path: Assets/Prefabs/Obstaculos/barreira4.prefab
  artifactKey: Guid(a1f51264602dc0444adfaed52b61cee7) Importer(815301076,1909f56bfc062723c751e8b465ee728b)
Start importing Assets/Prefabs/Obstaculos/barreira4.prefab using Guid(a1f51264602dc0444adfaed52b61cee7) Importer(815301076,1909f56bfc062723c751e8b465ee728b)  -> (artifact id: 'd7fa77870136fe2166c4f384bb70962c') in 0.028214 seconds 
========================================================================
Received Import Request.
  Time since last request: 24.925019 seconds.
  path: Assets/Prefabs/Obstaculos/barreira4.prefab
  artifactKey: Guid(a1f51264602dc0444adfaed52b61cee7) Importer(815301076,1909f56bfc062723c751e8b465ee728b)
Start importing Assets/Prefabs/Obstaculos/barreira4.prefab using Guid(a1f51264602dc0444adfaed52b61cee7) Importer(815301076,1909f56bfc062723c751e8b465ee728b)  -> (artifact id: '94f19cc4650e59b5789d5a40867f18a9') in 0.026572 seconds 
========================================================================
Received Import Request.
  Time since last request: 107.254868 seconds.
  path: Assets/Prefabs/Obstaculos/barreira4.prefab
  artifactKey: Guid(a1f51264602dc0444adfaed52b61cee7) Importer(815301076,1909f56bfc062723c751e8b465ee728b)
Start importing Assets/Prefabs/Obstaculos/barreira4.prefab using Guid(a1f51264602dc0444adfaed52b61cee7) Importer(815301076,1909f56bfc062723c751e8b465ee728b)  -> (artifact id: '07ae50bbe763b30280d5b1b3218f0149') in 0.025276 seconds 
========================================================================
Received Import Request.
  Time since last request: 24.052051 seconds.
  path: Assets/Prefabs/Obstaculos/barreira5.prefab
  artifactKey: Guid(07a957bd973c220478241dab3f9b7b32) Importer(815301076,1909f56bfc062723c751e8b465ee728b)
Start importing Assets/Prefabs/Obstaculos/barreira5.prefab using Guid(07a957bd973c220478241dab3f9b7b32) Importer(815301076,1909f56bfc062723c751e8b465ee728b)  -> (artifact id: 'a5ef5f6dbd7d8d471ec4031545ae9c81') in 0.029974 seconds 
========================================================================
Received Import Request.
  Time since last request: 22.581852 seconds.
  path: Assets/Prefabs/Obstaculos/barreira5.prefab
  artifactKey: Guid(07a957bd973c220478241dab3f9b7b32) Importer(815301076,1909f56bfc062723c751e8b465ee728b)
Start importing Assets/Prefabs/Obstaculos/barreira5.prefab using Guid(07a957bd973c220478241dab3f9b7b32) Importer(815301076,1909f56bfc062723c751e8b465ee728b)  -> (artifact id: '9ce3c4a4f4835c1577e0beb70c940cac') in 0.026397 seconds 
========================================================================
Received Import Request.
  Time since last request: 65.634041 seconds.
  path: Assets/Prefabs/Obstaculos/barreira5.prefab
  artifactKey: Guid(07a957bd973c220478241dab3f9b7b32) Importer(815301076,1909f56bfc062723c751e8b465ee728b)
Start importing Assets/Prefabs/Obstaculos/barreira5.prefab using Guid(07a957bd973c220478241dab3f9b7b32) Importer(815301076,1909f56bfc062723c751e8b465ee728b)  -> (artifact id: '5e157f91e57b74ce2075285768541147') in 0.024842 seconds 
========================================================================
Received Import Request.
  Time since last request: 59.325790 seconds.
  path: Assets/Prefabs/Obstaculos/barreira6.prefab
  artifactKey: Guid(431d55a3fb3936940834a847a8c07edc) Importer(815301076,1909f56bfc062723c751e8b465ee728b)
Start importing Assets/Prefabs/Obstaculos/barreira6.prefab using Guid(431d55a3fb3936940834a847a8c07edc) Importer(815301076,1909f56bfc062723c751e8b465ee728b)  -> (artifact id: '5cbebebc21b52c781c985fee8a4baf33') in 0.031173 seconds 
========================================================================
Received Import Request.
  Time since last request: 30.391752 seconds.
  path: Assets/Prefabs/Obstaculos/barreira6.prefab
  artifactKey: Guid(431d55a3fb3936940834a847a8c07edc) Importer(815301076,1909f56bfc062723c751e8b465ee728b)
Start importing Assets/Prefabs/Obstaculos/barreira6.prefab using Guid(431d55a3fb3936940834a847a8c07edc) Importer(815301076,1909f56bfc062723c751e8b465ee728b)  -> (artifact id: '03a6b6af300fdb326506de7240817ee8') in 0.025076 seconds 
========================================================================
Received Import Request.
  Time since last request: 64.333481 seconds.
  path: Assets/Prefabs/Obstaculos/barreira6.prefab
  artifactKey: Guid(431d55a3fb3936940834a847a8c07edc) Importer(815301076,1909f56bfc062723c751e8b465ee728b)
Start importing Assets/Prefabs/Obstaculos/barreira6.prefab using Guid(431d55a3fb3936940834a847a8c07edc) Importer(815301076,1909f56bfc062723c751e8b465ee728b)  -> (artifact id: '395e9b3dcc68aa0d23a9ca1c191523e5') in 0.024481 seconds 
========================================================================
Received Import Request.
  Time since last request: 42.891190 seconds.
  path: Assets/Prefabs/Obstaculos/barreira7.prefab
  artifactKey: Guid(b267051ed1a34544b994be0f570aeea6) Importer(815301076,1909f56bfc062723c751e8b465ee728b)
Start importing Assets/Prefabs/Obstaculos/barreira7.prefab using Guid(b267051ed1a34544b994be0f570aeea6) Importer(815301076,1909f56bfc062723c751e8b465ee728b)  -> (artifact id: '0eccc0d4aeb40174205c9ce427aaefd5') in 0.018649 seconds 
========================================================================
Received Import Request.
  Time since last request: 19.815671 seconds.
  path: Assets/Prefabs/Obstaculos/barreira7.prefab
  artifactKey: Guid(b267051ed1a34544b994be0f570aeea6) Importer(815301076,1909f56bfc062723c751e8b465ee728b)
Start importing Assets/Prefabs/Obstaculos/barreira7.prefab using Guid(b267051ed1a34544b994be0f570aeea6) Importer(815301076,1909f56bfc062723c751e8b465ee728b)  -> (artifact id: '008a27de7d8d5c9ad41774037034dd96') in 0.015757 seconds 
========================================================================
Received Import Request.
  Time since last request: 336.452342 seconds.
  path: Assets/Prefabs/Obstaculos/barreira7.prefab
  artifactKey: Guid(b267051ed1a34544b994be0f570aeea6) Importer(815301076,1909f56bfc062723c751e8b465ee728b)
Start importing Assets/Prefabs/Obstaculos/barreira7.prefab using Guid(b267051ed1a34544b994be0f570aeea6) Importer(815301076,1909f56bfc062723c751e8b465ee728b)  -> (artifact id: '1f13303bf784889a56930ed6765732fc') in 0.029090 seconds 
========================================================================
Received Import Request.
  Time since last request: 85.264284 seconds.
  path: Assets/Prefabs/Obstaculos/barreira8.prefab
  artifactKey: Guid(1bcd35c3886f4af4199ae60a3d90a6aa) Importer(815301076,1909f56bfc062723c751e8b465ee728b)
Start importing Assets/Prefabs/Obstaculos/barreira8.prefab using Guid(1bcd35c3886f4af4199ae60a3d90a6aa) Importer(815301076,1909f56bfc062723c751e8b465ee728b)  -> (artifact id: '1ab01a80cbee902a42edda31e3db4b6b') in 0.024629 seconds 
========================================================================
Received Import Request.
  Time since last request: 12.092629 seconds.
  path: Assets/Prefabs/Obstaculos/barreira7.prefab
  artifactKey: Guid(b267051ed1a34544b994be0f570aeea6) Importer(815301076,1909f56bfc062723c751e8b465ee728b)
Start importing Assets/Prefabs/Obstaculos/barreira7.prefab using Guid(b267051ed1a34544b994be0f570aeea6) Importer(815301076,1909f56bfc062723c751e8b465ee728b)  -> (artifact id: 'c70ac3a8c3bd7c7cb5480ba122d1aded') in 0.017347 seconds 
========================================================================
Received Import Request.
  Time since last request: 3.234472 seconds.
  path: Assets/Prefabs/Obstaculos/barreira7.prefab
  artifactKey: Guid(b267051ed1a34544b994be0f570aeea6) Importer(815301076,1909f56bfc062723c751e8b465ee728b)
Start importing Assets/Prefabs/Obstaculos/barreira7.prefab using Guid(b267051ed1a34544b994be0f570aeea6) Importer(815301076,1909f56bfc062723c751e8b465ee728b)  -> (artifact id: '53d545a8688aa05b3becb5d0de4dc699') in 0.019294 seconds 
========================================================================
Received Import Request.
  Time since last request: 5.824507 seconds.
  path: Assets/Prefabs/Obstaculos/barreira8.prefab
  artifactKey: Guid(1bcd35c3886f4af4199ae60a3d90a6aa) Importer(815301076,1909f56bfc062723c751e8b465ee728b)
Start importing Assets/Prefabs/Obstaculos/barreira8.prefab using Guid(1bcd35c3886f4af4199ae60a3d90a6aa) Importer(815301076,1909f56bfc062723c751e8b465ee728b)  -> (artifact id: '32606b9df32f74091c9ff8d15e42c09b') in 0.022142 seconds 
========================================================================
Received Import Request.
  Time since last request: 1.014887 seconds.
  path: Assets/Prefabs/Obstaculos/barreira8.prefab
  artifactKey: Guid(1bcd35c3886f4af4199ae60a3d90a6aa) Importer(815301076,1909f56bfc062723c751e8b465ee728b)
Start importing Assets/Prefabs/Obstaculos/barreira8.prefab using Guid(1bcd35c3886f4af4199ae60a3d90a6aa) Importer(815301076,1909f56bfc062723c751e8b465ee728b)  -> (artifact id: '80d90c004235b5ae5ca7b95c5d9d68d9') in 0.015793 seconds 
========================================================================
Received Import Request.
  Time since last request: 44.315494 seconds.
  path: Assets/Prefabs/Obstaculos/barreira9.prefab
  artifactKey: Guid(dee594c424a201947a679d0bb9a9d2fb) Importer(815301076,1909f56bfc062723c751e8b465ee728b)
Start importing Assets/Prefabs/Obstaculos/barreira9.prefab using Guid(dee594c424a201947a679d0bb9a9d2fb) Importer(815301076,1909f56bfc062723c751e8b465ee728b)  -> (artifact id: '37df95230fc9ab09f129c3a2ee907862') in 0.032611 seconds 
========================================================================
Received Import Request.
  Time since last request: 20.088026 seconds.
  path: Assets/Prefabs/Obstaculos/barreira9.prefab
  artifactKey: Guid(dee594c424a201947a679d0bb9a9d2fb) Importer(815301076,1909f56bfc062723c751e8b465ee728b)
Start importing Assets/Prefabs/Obstaculos/barreira9.prefab using Guid(dee594c424a201947a679d0bb9a9d2fb) Importer(815301076,1909f56bfc062723c751e8b465ee728b)  -> (artifact id: '06a66b953f5d6a3e0bc8cb7b99c8217f') in 0.026065 seconds 
========================================================================
Received Import Request.
  Time since last request: 98.659463 seconds.
  path: Assets/Prefabs/Obstaculos/barreira9.prefab
  artifactKey: Guid(dee594c424a201947a679d0bb9a9d2fb) Importer(815301076,1909f56bfc062723c751e8b465ee728b)
Start importing Assets/Prefabs/Obstaculos/barreira9.prefab using Guid(dee594c424a201947a679d0bb9a9d2fb) Importer(815301076,1909f56bfc062723c751e8b465ee728b)  -> (artifact id: '1866fa757304b846d69b86d4d9208a9f') in 0.034748 seconds 
========================================================================
Received Import Request.
  Time since last request: 47.518368 seconds.
  path: Assets/Prefabs/Obstaculos/barreira10.prefab
  artifactKey: Guid(fea488f02e479364a9346c5c2c229ee0) Importer(815301076,1909f56bfc062723c751e8b465ee728b)
Start importing Assets/Prefabs/Obstaculos/barreira10.prefab using Guid(fea488f02e479364a9346c5c2c229ee0) Importer(815301076,1909f56bfc062723c751e8b465ee728b)  -> (artifact id: 'c2c932e0e002f5d047630badd14321c1') in 0.017894 seconds 
========================================================================
Received Import Request.
  Time since last request: 103.928292 seconds.
  path: Assets/Prefabs/Obstaculos/barreira10.prefab
  artifactKey: Guid(fea488f02e479364a9346c5c2c229ee0) Importer(815301076,1909f56bfc062723c751e8b465ee728b)
Start importing Assets/Prefabs/Obstaculos/barreira10.prefab using Guid(fea488f02e479364a9346c5c2c229ee0) Importer(815301076,1909f56bfc062723c751e8b465ee728b)  -> (artifact id: '184dd384796230cd8b6dabfce3c2c3b8') in 0.015944 seconds 
========================================================================
Received Import Request.
  Time since last request: 36.547697 seconds.
  path: Assets/Prefabs/Obstaculos/barreira11.prefab
  artifactKey: Guid(db87c970104b3c04997a2b33599125e9) Importer(815301076,1909f56bfc062723c751e8b465ee728b)
Start importing Assets/Prefabs/Obstaculos/barreira11.prefab using Guid(db87c970104b3c04997a2b33599125e9) Importer(815301076,1909f56bfc062723c751e8b465ee728b)  -> (artifact id: '4b66b6b7aa8696fdb408ff755c16a994') in 0.029376 seconds 
========================================================================
Received Import Request.
  Time since last request: 22.947697 seconds.
  path: Assets/Prefabs/Obstaculos/barreira11.prefab
  artifactKey: Guid(db87c970104b3c04997a2b33599125e9) Importer(815301076,1909f56bfc062723c751e8b465ee728b)
Start importing Assets/Prefabs/Obstaculos/barreira11.prefab using Guid(db87c970104b3c04997a2b33599125e9) Importer(815301076,1909f56bfc062723c751e8b465ee728b)  -> (artifact id: '88eb23ac8e957d89c77a20a50481b8e6') in 0.024535 seconds 
========================================================================
Received Import Request.
  Time since last request: 128.908250 seconds.
  path: Assets/Prefabs/Obstaculos/barreira11.prefab
  artifactKey: Guid(db87c970104b3c04997a2b33599125e9) Importer(815301076,1909f56bfc062723c751e8b465ee728b)
Start importing Assets/Prefabs/Obstaculos/barreira11.prefab using Guid(db87c970104b3c04997a2b33599125e9) Importer(815301076,1909f56bfc062723c751e8b465ee728b)  -> (artifact id: 'b7103d2810810305fe0a0da94f90387b') in 0.017180 seconds 
========================================================================
Received Import Request.
  Time since last request: 99.524395 seconds.
  path: Assets/Prefabs/Obstaculos/barreira11.prefab
  artifactKey: Guid(db87c970104b3c04997a2b33599125e9) Importer(815301076,1909f56bfc062723c751e8b465ee728b)
Start importing Assets/Prefabs/Obstaculos/barreira11.prefab using Guid(db87c970104b3c04997a2b33599125e9) Importer(815301076,1909f56bfc062723c751e8b465ee728b)  -> (artifact id: '2be86bc1b5ab4ad7d226ec4d2eba8123') in 0.015438 seconds 
========================================================================
Received Import Request.
  Time since last request: 42.948889 seconds.
  path: Assets/Prefabs/Obstaculos/barreira12.prefab
  artifactKey: Guid(3e749618b4a882343bb0e9cee0e71a7b) Importer(815301076,1909f56bfc062723c751e8b465ee728b)
Start importing Assets/Prefabs/Obstaculos/barreira12.prefab using Guid(3e749618b4a882343bb0e9cee0e71a7b) Importer(815301076,1909f56bfc062723c751e8b465ee728b)  -> (artifact id: '843e2af450cb078176c51e6e4bf895c1') in 0.030238 seconds 
========================================================================
Received Import Request.
  Time since last request: 95.670551 seconds.
  path: Assets/Prefabs/Obstaculos/barreira12.prefab
  artifactKey: Guid(3e749618b4a882343bb0e9cee0e71a7b) Importer(815301076,1909f56bfc062723c751e8b465ee728b)
Start importing Assets/Prefabs/Obstaculos/barreira12.prefab using Guid(3e749618b4a882343bb0e9cee0e71a7b) Importer(815301076,1909f56bfc062723c751e8b465ee728b)  -> (artifact id: '9e40e9ac1e1bb35f029893001f7ae94f') in 0.061475 seconds 
========================================================================
Received Import Request.
  Time since last request: 61.156657 seconds.
  path: Assets/Prefabs/Vida/mushroom_low_poly_2.prefab
  artifactKey: Guid(e4189b3014e33cd43afd1bb0f1a84945) Importer(815301076,1909f56bfc062723c751e8b465ee728b)
Start importing Assets/Prefabs/Vida/mushroom_low_poly_2.prefab using Guid(e4189b3014e33cd43afd1bb0f1a84945) Importer(815301076,1909f56bfc062723c751e8b465ee728b)  -> (artifact id: 'de53085ad4eefb08c22ec47708e8a65f') in 0.030061 seconds 
========================================================================
Received Import Request.
  Time since last request: 79.481999 seconds.
  path: Assets/Prefabs/Vida/mushroom_low_poly_2.prefab
  artifactKey: Guid(e4189b3014e33cd43afd1bb0f1a84945) Importer(815301076,1909f56bfc062723c751e8b465ee728b)
Start importing Assets/Prefabs/Vida/mushroom_low_poly_2.prefab using Guid(e4189b3014e33cd43afd1bb0f1a84945) Importer(815301076,1909f56bfc062723c751e8b465ee728b)  -> (artifact id: 'c40782c381f83d71e32a577e5026affb') in 0.022610 seconds 
========================================================================
Received Prepare
Registering precompiled user dll's ...
Registered in 0.004948 seconds.
Begin MonoManager ReloadAssembly
Symbol file LoadedFromMemory doesn't match image D:\TCC_Project\AprendizadoPorReforco_TCC\Library\PackageCache\com.unity.visualscripting@1.7.8\Editor\VisualScripting.Core\Dependencies\YamlDotNet\Unity.VisualScripting.YamlDotNet.dll
Symbol file LoadedFromMemory doesn't match image D:\TCC_Project\AprendizadoPorReforco_TCC\Library\PackageCache\com.unity.visualscripting@1.7.8\Editor\VisualScripting.Core\Dependencies\DotNetZip\Unity.VisualScripting.IonicZip.dll
Native extension for UWP target not found
Native extension for WindowsStandalone target not found
Refreshing native plugins compatible for Editor in 1.48 ms, found 3 plugins.
Preloading 0 native plugins for Editor in 0.00 ms.
Mono: successfully reloaded assembly
- Completed reload, in  1.978 seconds
Domain Reload Profiling:
	ReloadAssembly (1980ms)
		BeginReloadAssembly (170ms)
			ExecutionOrderSort (0ms)
			DisableScriptedObjects (6ms)
			BackupInstance (0ms)
			ReleaseScriptingObjects (0ms)
			CreateAndSetChildDomain (54ms)
		EndReloadAssembly (1683ms)
			LoadAssemblies (101ms)
			RebuildTransferFunctionScriptingTraits (0ms)
			SetupTypeCache (540ms)
			ReleaseScriptCaches (3ms)
			RebuildScriptCaches (112ms)
			SetupLoadedEditorAssemblies (749ms)
				LogAssemblyErrors (0ms)
				InitializePlatformSupportModulesInManaged (34ms)
				SetLoadedEditorAssemblies (2ms)
				RefreshPlugins (2ms)
				BeforeProcessingInitializeOnLoad (123ms)
				ProcessInitializeOnLoadAttributes (517ms)
				ProcessInitializeOnLoadMethodAttributes (59ms)
				AfterProcessingInitializeOnLoad (11ms)
				EditorAssembliesLoaded (1ms)
			ExecutionOrderSort2 (0ms)
			AwakeInstancesAfterBackupRestoration (15ms)
Platform modules already initialized, skipping
Refreshing native plugins compatible for Editor in 44.64 ms, found 3 plugins.
Preloading 0 native plugins for Editor in 0.00 ms.
Unloading 3363 Unused Serialized files (Serialized files now loaded: 0)
Unloading 18 unused Assets / (24.6 KB). Loaded Objects now: 3883.
Memory consumption went from 140.7 MB to 140.7 MB.
Total: 6.259500 ms (FindLiveObjects: 0.513700 ms CreateObjectMapping: 0.788100 ms MarkObjects: 4.906500 ms  DeleteObjects: 0.049800 ms)

AssetImportParameters requested are different than current active one (requested -> active):
  custom:video-decoder-ogg-theora: a1e56fd34408186e4bbccfd4996cb3dc -> 
  custom:container-muxer-webm: aa71ff27fc2769a1b78a27578f13a17b -> 
  custom:container-demuxer-webm: 4f35f7cbe854078d1ac9338744f61a02 -> 
  custom:video-encoder-webm-vp8: eb34c28f22e8b96e1ab97ce403110664 -> 
  custom:audio-encoder-webm-vorbis: bf7c407c2cedff20999df2af8eb42d56 -> 
  custom:framework-win-MediaFoundation: 216162199b28c13a410421893ffa2e32 -> 
  custom:container-demuxer-ogg: 62fdf1f143b41e24485cea50d1cbac27 -> 
  custom:video-decoder-webm-vp8: 9c59270c3fd7afecdb556c50c9e8de78 -> 
  custom:audio-decoder-ogg-vorbis: bf7c407c2cedff20999df2af8eb42d56 -> 
========================================================================
Received Import Request.
  Time since last request: 124.466820 seconds.
  path: Assets/Scripts/Controler/Colisao.cs
  artifactKey: Guid(460dc825bcde9294e8b4e5d57038109c) Importer(815301076,1909f56bfc062723c751e8b465ee728b)
Start importing Assets/Scripts/Controler/Colisao.cs using Guid(460dc825bcde9294e8b4e5d57038109c) Importer(815301076,1909f56bfc062723c751e8b465ee728b)  -> (artifact id: '83857fe83775d78527d417f8363e4e98') in 0.024857 seconds 
========================================================================
Received Import Request.
  Time since last request: 40.323072 seconds.
  path: Assets/Scripts/Controler/Colisao.cs
  artifactKey: Guid(460dc825bcde9294e8b4e5d57038109c) Importer(815301076,1909f56bfc062723c751e8b465ee728b)
Start importing Assets/Scripts/Controler/Colisao.cs using Guid(460dc825bcde9294e8b4e5d57038109c) Importer(815301076,1909f56bfc062723c751e8b465ee728b)  -> (artifact id: 'f5052b9c234e71e99275982d2f33aa44') in 0.053875 seconds 
========================================================================
Received Import Request.
  Time since last request: 14.103765 seconds.
  path: Assets/Scripts/Controler/Colisao.cs
  artifactKey: Guid(460dc825bcde9294e8b4e5d57038109c) Importer(815301076,1909f56bfc062723c751e8b465ee728b)
Start importing Assets/Scripts/Controler/Colisao.cs using Guid(460dc825bcde9294e8b4e5d57038109c) Importer(815301076,1909f56bfc062723c751e8b465ee728b)  -> (artifact id: 'db35fe05ed350b798880738d75c1e59f') in 0.002793 seconds 
========================================================================
Received Prepare
Registering precompiled user dll's ...
Registered in 0.012438 seconds.
Begin MonoManager ReloadAssembly
Symbol file LoadedFromMemory doesn't match image D:\TCC_Project\AprendizadoPorReforco_TCC\Library\PackageCache\com.unity.visualscripting@1.7.8\Editor\VisualScripting.Core\Dependencies\YamlDotNet\Unity.VisualScripting.YamlDotNet.dll
Symbol file LoadedFromMemory doesn't match image D:\TCC_Project\AprendizadoPorReforco_TCC\Library\PackageCache\com.unity.visualscripting@1.7.8\Editor\VisualScripting.Core\Dependencies\DotNetZip\Unity.VisualScripting.IonicZip.dll
Native extension for UWP target not found
Native extension for WindowsStandalone target not found
Refreshing native plugins compatible for Editor in 0.82 ms, found 3 plugins.
Preloading 0 native plugins for Editor in 0.00 ms.
Mono: successfully reloaded assembly
- Completed reload, in  1.567 seconds
Domain Reload Profiling:
	ReloadAssembly (1568ms)
		BeginReloadAssembly (259ms)
			ExecutionOrderSort (0ms)
			DisableScriptedObjects (11ms)
			BackupInstance (0ms)
			ReleaseScriptingObjects (0ms)
			CreateAndSetChildDomain (67ms)
		EndReloadAssembly (1120ms)
			LoadAssemblies (161ms)
			RebuildTransferFunctionScriptingTraits (0ms)
			SetupTypeCache (407ms)
			ReleaseScriptCaches (2ms)
			RebuildScriptCaches (59ms)
			SetupLoadedEditorAssemblies (478ms)
				LogAssemblyErrors (0ms)
				InitializePlatformSupportModulesInManaged (22ms)
				SetLoadedEditorAssemblies (1ms)
				RefreshPlugins (1ms)
				BeforeProcessingInitializeOnLoad (92ms)
				ProcessInitializeOnLoadAttributes (315ms)
				ProcessInitializeOnLoadMethodAttributes (39ms)
				AfterProcessingInitializeOnLoad (9ms)
				EditorAssembliesLoaded (0ms)
			ExecutionOrderSort2 (0ms)
			AwakeInstancesAfterBackupRestoration (10ms)
Platform modules already initialized, skipping
Refreshing native plugins compatible for Editor in 4.02 ms, found 3 plugins.
Preloading 0 native plugins for Editor in 0.00 ms.
Unloading 3363 Unused Serialized files (Serialized files now loaded: 0)
Unloading 18 unused Assets / (24.6 KB). Loaded Objects now: 3886.
Memory consumption went from 140.7 MB to 140.7 MB.
Total: 5.591400 ms (FindLiveObjects: 0.429800 ms CreateObjectMapping: 0.358700 ms MarkObjects: 4.770400 ms  DeleteObjects: 0.031300 ms)

AssetImportParameters requested are different than current active one (requested -> active):
  custom:video-decoder-ogg-theora: a1e56fd34408186e4bbccfd4996cb3dc -> 
  custom:container-muxer-webm: aa71ff27fc2769a1b78a27578f13a17b -> 
  custom:container-demuxer-webm: 4f35f7cbe854078d1ac9338744f61a02 -> 
  custom:video-encoder-webm-vp8: eb34c28f22e8b96e1ab97ce403110664 -> 
  custom:audio-encoder-webm-vorbis: bf7c407c2cedff20999df2af8eb42d56 -> 
  custom:framework-win-MediaFoundation: 216162199b28c13a410421893ffa2e32 -> 
  custom:container-demuxer-ogg: 62fdf1f143b41e24485cea50d1cbac27 -> 
  custom:video-decoder-webm-vp8: 9c59270c3fd7afecdb556c50c9e8de78 -> 
  custom:audio-decoder-ogg-vorbis: bf7c407c2cedff20999df2af8eb42d56 -> 
========================================================================
Received Prepare
Registering precompiled user dll's ...
Registered in 0.008727 seconds.
Begin MonoManager ReloadAssembly
Symbol file LoadedFromMemory doesn't match image D:\TCC_Project\AprendizadoPorReforco_TCC\Library\PackageCache\com.unity.visualscripting@1.7.8\Editor\VisualScripting.Core\Dependencies\YamlDotNet\Unity.VisualScripting.YamlDotNet.dll
Symbol file LoadedFromMemory doesn't match image D:\TCC_Project\AprendizadoPorReforco_TCC\Library\PackageCache\com.unity.visualscripting@1.7.8\Editor\VisualScripting.Core\Dependencies\DotNetZip\Unity.VisualScripting.IonicZip.dll
Native extension for UWP target not found
Native extension for WindowsStandalone target not found
Refreshing native plugins compatible for Editor in 1.40 ms, found 3 plugins.
Preloading 0 native plugins for Editor in 0.00 ms.
Mono: successfully reloaded assembly
- Completed reload, in  4.413 seconds
Domain Reload Profiling:
	ReloadAssembly (4415ms)
		BeginReloadAssembly (229ms)
			ExecutionOrderSort (0ms)
			DisableScriptedObjects (9ms)
			BackupInstance (0ms)
			ReleaseScriptingObjects (0ms)
			CreateAndSetChildDomain (74ms)
		EndReloadAssembly (3966ms)
			LoadAssemblies (137ms)
			RebuildTransferFunctionScriptingTraits (0ms)
			SetupTypeCache (1410ms)
			ReleaseScriptCaches (6ms)
			RebuildScriptCaches (307ms)
			SetupLoadedEditorAssemblies (1792ms)
				LogAssemblyErrors (0ms)
				InitializePlatformSupportModulesInManaged (77ms)
				SetLoadedEditorAssemblies (1ms)
				RefreshPlugins (2ms)
				BeforeProcessingInitializeOnLoad (236ms)
				ProcessInitializeOnLoadAttributes (1333ms)
				ProcessInitializeOnLoadMethodAttributes (115ms)
				AfterProcessingInitializeOnLoad (28ms)
				EditorAssembliesLoaded (1ms)
			ExecutionOrderSort2 (0ms)
			AwakeInstancesAfterBackupRestoration (13ms)
Platform modules already initialized, skipping
Refreshing native plugins compatible for Editor in 5.94 ms, found 3 plugins.
Preloading 0 native plugins for Editor in 0.00 ms.
Unloading 3363 Unused Serialized files (Serialized files now loaded: 0)
Unloading 18 unused Assets / (24.6 KB). Loaded Objects now: 3889.
Memory consumption went from 140.8 MB to 140.7 MB.
Total: 18.647500 ms (FindLiveObjects: 1.048800 ms CreateObjectMapping: 3.420000 ms MarkObjects: 14.132300 ms  DeleteObjects: 0.044700 ms)

AssetImportParameters requested are different than current active one (requested -> active):
  custom:video-decoder-ogg-theora: a1e56fd34408186e4bbccfd4996cb3dc -> 
  custom:container-muxer-webm: aa71ff27fc2769a1b78a27578f13a17b -> 
  custom:container-demuxer-webm: 4f35f7cbe854078d1ac9338744f61a02 -> 
  custom:video-encoder-webm-vp8: eb34c28f22e8b96e1ab97ce403110664 -> 
  custom:audio-encoder-webm-vorbis: bf7c407c2cedff20999df2af8eb42d56 -> 
  custom:framework-win-MediaFoundation: 216162199b28c13a410421893ffa2e32 -> 
  custom:container-demuxer-ogg: 62fdf1f143b41e24485cea50d1cbac27 -> 
  custom:video-decoder-webm-vp8: 9c59270c3fd7afecdb556c50c9e8de78 -> 
  custom:audio-decoder-ogg-vorbis: bf7c407c2cedff20999df2af8eb42d56 -> 
========================================================================
Received Prepare
Registering precompiled user dll's ...
Registered in 0.004487 seconds.
Begin MonoManager ReloadAssembly
Symbol file LoadedFromMemory doesn't match image D:\TCC_Project\AprendizadoPorReforco_TCC\Library\PackageCache\com.unity.visualscripting@1.7.8\Editor\VisualScripting.Core\Dependencies\YamlDotNet\Unity.VisualScripting.YamlDotNet.dll
Symbol file LoadedFromMemory doesn't match image D:\TCC_Project\AprendizadoPorReforco_TCC\Library\PackageCache\com.unity.visualscripting@1.7.8\Editor\VisualScripting.Core\Dependencies\DotNetZip\Unity.VisualScripting.IonicZip.dll
Native extension for UWP target not found
Native extension for WindowsStandalone target not found
Refreshing native plugins compatible for Editor in 1.13 ms, found 3 plugins.
Preloading 0 native plugins for Editor in 0.00 ms.
Mono: successfully reloaded assembly
- Completed reload, in  1.795 seconds
Domain Reload Profiling:
	ReloadAssembly (1797ms)
		BeginReloadAssembly (163ms)
			ExecutionOrderSort (0ms)
			DisableScriptedObjects (7ms)
			BackupInstance (0ms)
			ReleaseScriptingObjects (0ms)
			CreateAndSetChildDomain (47ms)
		EndReloadAssembly (1495ms)
			LoadAssemblies (98ms)
			RebuildTransferFunctionScriptingTraits (0ms)
			SetupTypeCache (395ms)
			ReleaseScriptCaches (2ms)
			RebuildScriptCaches (108ms)
			SetupLoadedEditorAssemblies (748ms)
				LogAssemblyErrors (0ms)
				InitializePlatformSupportModulesInManaged (33ms)
				SetLoadedEditorAssemblies (1ms)
				RefreshPlugins (1ms)
				BeforeProcessingInitializeOnLoad (135ms)
				ProcessInitializeOnLoadAttributes (509ms)
				ProcessInitializeOnLoadMethodAttributes (57ms)
				AfterProcessingInitializeOnLoad (11ms)
				EditorAssembliesLoaded (0ms)
			ExecutionOrderSort2 (0ms)
			AwakeInstancesAfterBackupRestoration (13ms)
Platform modules already initialized, skipping
Refreshing native plugins compatible for Editor in 18.15 ms, found 3 plugins.
Preloading 0 native plugins for Editor in 0.00 ms.
Unloading 3363 Unused Serialized files (Serialized files now loaded: 0)
Unloading 18 unused Assets / (24.7 KB). Loaded Objects now: 3892.
Memory consumption went from 140.9 MB to 140.8 MB.
Total: 6.566100 ms (FindLiveObjects: 0.594000 ms CreateObjectMapping: 0.492200 ms MarkObjects: 5.397200 ms  DeleteObjects: 0.080800 ms)

AssetImportParameters requested are different than current active one (requested -> active):
  custom:video-decoder-ogg-theora: a1e56fd34408186e4bbccfd4996cb3dc -> 
  custom:container-muxer-webm: aa71ff27fc2769a1b78a27578f13a17b -> 
  custom:container-demuxer-webm: 4f35f7cbe854078d1ac9338744f61a02 -> 
  custom:video-encoder-webm-vp8: eb34c28f22e8b96e1ab97ce403110664 -> 
  custom:audio-encoder-webm-vorbis: bf7c407c2cedff20999df2af8eb42d56 -> 
  custom:framework-win-MediaFoundation: 216162199b28c13a410421893ffa2e32 -> 
  custom:container-demuxer-ogg: 62fdf1f143b41e24485cea50d1cbac27 -> 
  custom:video-decoder-webm-vp8: 9c59270c3fd7afecdb556c50c9e8de78 -> 
  custom:audio-decoder-ogg-vorbis: bf7c407c2cedff20999df2af8eb42d56 -> 
========================================================================
Received Import Request.
  Time since last request: 470.248590 seconds.
  path: Assets/Prefabs/Moeda/moeda.prefab
  artifactKey: Guid(84c6d57f1d64ac6408fcfd3e9f350727) Importer(815301076,1909f56bfc062723c751e8b465ee728b)
Start importing Assets/Prefabs/Moeda/moeda.prefab using Guid(84c6d57f1d64ac6408fcfd3e9f350727) Importer(815301076,1909f56bfc062723c751e8b465ee728b)  -> (artifact id: '3b42c8b00c20b7527ebd4cd549e10c0d') in 0.118231 seconds 
========================================================================
Received Import Request.
  Time since last request: 20.948553 seconds.
  path: Assets/Prefabs/Vida/mushroom_low_poly_2.prefab
  artifactKey: Guid(e4189b3014e33cd43afd1bb0f1a84945) Importer(815301076,1909f56bfc062723c751e8b465ee728b)
Start importing Assets/Prefabs/Vida/mushroom_low_poly_2.prefab using Guid(e4189b3014e33cd43afd1bb0f1a84945) Importer(815301076,1909f56bfc062723c751e8b465ee728b)  -> (artifact id: 'cbf541210a37d6f08556432daf241ee5') in 0.013254 seconds 
========================================================================
Received Import Request.
  Time since last request: 34.223571 seconds.
  path: Assets/Prefabs/Vida/cogumelo.prefab
  artifactKey: Guid(e4189b3014e33cd43afd1bb0f1a84945) Importer(815301076,1909f56bfc062723c751e8b465ee728b)
Start importing Assets/Prefabs/Vida/cogumelo.prefab using Guid(e4189b3014e33cd43afd1bb0f1a84945) Importer(815301076,1909f56bfc062723c751e8b465ee728b)  -> (artifact id: '542e7098055e7edfbe3d651df80fd4de') in 0.025439 seconds 
========================================================================
Received Import Request.
  Time since last request: 27.207337 seconds.
  path: Assets/Prefabs/Vida/cogumelo.prefab
  artifactKey: Guid(e4189b3014e33cd43afd1bb0f1a84945) Importer(815301076,1909f56bfc062723c751e8b465ee728b)
Start importing Assets/Prefabs/Vida/cogumelo.prefab using Guid(e4189b3014e33cd43afd1bb0f1a84945) Importer(815301076,1909f56bfc062723c751e8b465ee728b)  -> (artifact id: 'c7ceac578e99c7bcf7eab2d2ea1b9dc0') in 0.018172 seconds 
========================================================================
Received Prepare
Registering precompiled user dll's ...
Registered in 0.005395 seconds.
Begin MonoManager ReloadAssembly
Symbol file LoadedFromMemory doesn't match image D:\TCC_Project\AprendizadoPorReforco_TCC\Library\PackageCache\com.unity.visualscripting@1.7.8\Editor\VisualScripting.Core\Dependencies\YamlDotNet\Unity.VisualScripting.YamlDotNet.dll
Symbol file LoadedFromMemory doesn't match image D:\TCC_Project\AprendizadoPorReforco_TCC\Library\PackageCache\com.unity.visualscripting@1.7.8\Editor\VisualScripting.Core\Dependencies\DotNetZip\Unity.VisualScripting.IonicZip.dll
Native extension for UWP target not found
Native extension for WindowsStandalone target not found
Refreshing native plugins compatible for Editor in 1.90 ms, found 3 plugins.
Preloading 0 native plugins for Editor in 0.00 ms.
Mono: successfully reloaded assembly
- Completed reload, in  2.144 seconds
Domain Reload Profiling:
	ReloadAssembly (2146ms)
		BeginReloadAssembly (156ms)
			ExecutionOrderSort (0ms)
			DisableScriptedObjects (6ms)
			BackupInstance (0ms)
			ReleaseScriptingObjects (0ms)
			CreateAndSetChildDomain (46ms)
		EndReloadAssembly (1862ms)
			LoadAssemblies (96ms)
			RebuildTransferFunctionScriptingTraits (0ms)
			SetupTypeCache (506ms)
			ReleaseScriptCaches (4ms)
			RebuildScriptCaches (135ms)
			SetupLoadedEditorAssemblies (904ms)
				LogAssemblyErrors (0ms)
				InitializePlatformSupportModulesInManaged (43ms)
				SetLoadedEditorAssemblies (2ms)
				RefreshPlugins (2ms)
				BeforeProcessingInitializeOnLoad (152ms)
				ProcessInitializeOnLoadAttributes (614ms)
				ProcessInitializeOnLoadMethodAttributes (79ms)
				AfterProcessingInitializeOnLoad (11ms)
				EditorAssembliesLoaded (0ms)
			ExecutionOrderSort2 (0ms)
			AwakeInstancesAfterBackupRestoration (20ms)
Platform modules already initialized, skipping
Refreshing native plugins compatible for Editor in 43.55 ms, found 3 plugins.
Preloading 0 native plugins for Editor in 0.00 ms.
Unloading 3363 Unused Serialized files (Serialized files now loaded: 0)
Unloading 18 unused Assets / (24.7 KB). Loaded Objects now: 3895.
Memory consumption went from 140.8 MB to 140.8 MB.
Total: 25.804000 ms (FindLiveObjects: 0.972800 ms CreateObjectMapping: 0.866600 ms MarkObjects: 23.897100 ms  DeleteObjects: 0.065500 ms)

AssetImportParameters requested are different than current active one (requested -> active):
  custom:video-decoder-ogg-theora: a1e56fd34408186e4bbccfd4996cb3dc -> 
  custom:container-muxer-webm: aa71ff27fc2769a1b78a27578f13a17b -> 
  custom:container-demuxer-webm: 4f35f7cbe854078d1ac9338744f61a02 -> 
  custom:video-encoder-webm-vp8: eb34c28f22e8b96e1ab97ce403110664 -> 
  custom:audio-encoder-webm-vorbis: bf7c407c2cedff20999df2af8eb42d56 -> 
  custom:framework-win-MediaFoundation: 216162199b28c13a410421893ffa2e32 -> 
  custom:container-demuxer-ogg: 62fdf1f143b41e24485cea50d1cbac27 -> 
  custom:video-decoder-webm-vp8: 9c59270c3fd7afecdb556c50c9e8de78 -> 
  custom:audio-decoder-ogg-vorbis: bf7c407c2cedff20999df2af8eb42d56 -> 
========================================================================
Received Prepare
Registering precompiled user dll's ...
Registered in 0.041242 seconds.
Begin MonoManager ReloadAssembly
Symbol file LoadedFromMemory doesn't match image D:\TCC_Project\AprendizadoPorReforco_TCC\Library\PackageCache\com.unity.visualscripting@1.7.8\Editor\VisualScripting.Core\Dependencies\YamlDotNet\Unity.VisualScripting.YamlDotNet.dll
Symbol file LoadedFromMemory doesn't match image D:\TCC_Project\AprendizadoPorReforco_TCC\Library\PackageCache\com.unity.visualscripting@1.7.8\Editor\VisualScripting.Core\Dependencies\DotNetZip\Unity.VisualScripting.IonicZip.dll
Native extension for UWP target not found
Native extension for WindowsStandalone target not found
Refreshing native plugins compatible for Editor in 0.72 ms, found 3 plugins.
Preloading 0 native plugins for Editor in 0.00 ms.
Mono: successfully reloaded assembly
- Completed reload, in  1.363 seconds
Domain Reload Profiling:
	ReloadAssembly (1364ms)
		BeginReloadAssembly (169ms)
			ExecutionOrderSort (0ms)
			DisableScriptedObjects (9ms)
			BackupInstance (0ms)
			ReleaseScriptingObjects (0ms)
			CreateAndSetChildDomain (51ms)
		EndReloadAssembly (1029ms)
			LoadAssemblies (139ms)
			RebuildTransferFunctionScriptingTraits (0ms)
			SetupTypeCache (387ms)
			ReleaseScriptCaches (2ms)
			RebuildScriptCaches (54ms)
			SetupLoadedEditorAssemblies (392ms)
				LogAssemblyErrors (0ms)
				InitializePlatformSupportModulesInManaged (18ms)
				SetLoadedEditorAssemblies (1ms)
				RefreshPlugins (1ms)
				BeforeProcessingInitializeOnLoad (77ms)
				ProcessInitializeOnLoadAttributes (257ms)
				ProcessInitializeOnLoadMethodAttributes (32ms)
				AfterProcessingInitializeOnLoad (7ms)
				EditorAssembliesLoaded (0ms)
			ExecutionOrderSort2 (0ms)
			AwakeInstancesAfterBackupRestoration (8ms)
Platform modules already initialized, skipping
Refreshing native plugins compatible for Editor in 2.37 ms, found 3 plugins.
Preloading 0 native plugins for Editor in 0.00 ms.
Unloading 3363 Unused Serialized files (Serialized files now loaded: 0)
Unloading 18 unused Assets / (24.7 KB). Loaded Objects now: 3898.
Memory consumption went from 140.8 MB to 140.7 MB.
Total: 4.349200 ms (FindLiveObjects: 0.379300 ms CreateObjectMapping: 0.302000 ms MarkObjects: 3.634200 ms  DeleteObjects: 0.031800 ms)

AssetImportParameters requested are different than current active one (requested -> active):
  custom:video-decoder-ogg-theora: a1e56fd34408186e4bbccfd4996cb3dc -> 
  custom:container-muxer-webm: aa71ff27fc2769a1b78a27578f13a17b -> 
  custom:container-demuxer-webm: 4f35f7cbe854078d1ac9338744f61a02 -> 
  custom:video-encoder-webm-vp8: eb34c28f22e8b96e1ab97ce403110664 -> 
  custom:audio-encoder-webm-vorbis: bf7c407c2cedff20999df2af8eb42d56 -> 
  custom:framework-win-MediaFoundation: 216162199b28c13a410421893ffa2e32 -> 
  custom:container-demuxer-ogg: 62fdf1f143b41e24485cea50d1cbac27 -> 
  custom:video-decoder-webm-vp8: 9c59270c3fd7afecdb556c50c9e8de78 -> 
  custom:audio-decoder-ogg-vorbis: bf7c407c2cedff20999df2af8eb42d56 -> 
========================================================================
Received Prepare
Registering precompiled user dll's ...
Registered in 0.004597 seconds.
Begin MonoManager ReloadAssembly
Symbol file LoadedFromMemory doesn't match image D:\TCC_Project\AprendizadoPorReforco_TCC\Library\PackageCache\com.unity.visualscripting@1.7.8\Editor\VisualScripting.Core\Dependencies\YamlDotNet\Unity.VisualScripting.YamlDotNet.dll
Symbol file LoadedFromMemory doesn't match image D:\TCC_Project\AprendizadoPorReforco_TCC\Library\PackageCache\com.unity.visualscripting@1.7.8\Editor\VisualScripting.Core\Dependencies\DotNetZip\Unity.VisualScripting.IonicZip.dll
Native extension for UWP target not found
Native extension for WindowsStandalone target not found
Refreshing native plugins compatible for Editor in 0.73 ms, found 3 plugins.
Preloading 0 native plugins for Editor in 0.00 ms.
Mono: successfully reloaded assembly
- Completed reload, in  1.542 seconds
Domain Reload Profiling:
	ReloadAssembly (1543ms)
		BeginReloadAssembly (165ms)
			ExecutionOrderSort (0ms)
			DisableScriptedObjects (7ms)
			BackupInstance (0ms)
			ReleaseScriptingObjects (0ms)
			CreateAndSetChildDomain (46ms)
		EndReloadAssembly (1202ms)
			LoadAssemblies (135ms)
			RebuildTransferFunctionScriptingTraits (0ms)
			SetupTypeCache (527ms)
			ReleaseScriptCaches (2ms)
			RebuildScriptCaches (57ms)
			SetupLoadedEditorAssemblies (418ms)
				LogAssemblyErrors (0ms)
				InitializePlatformSupportModulesInManaged (16ms)
				SetLoadedEditorAssemblies (1ms)
				RefreshPlugins (1ms)
				BeforeProcessingInitializeOnLoad (77ms)
				ProcessInitializeOnLoadAttributes (287ms)
				ProcessInitializeOnLoadMethodAttributes (29ms)
				AfterProcessingInitializeOnLoad (7ms)
				EditorAssembliesLoaded (0ms)
			ExecutionOrderSort2 (0ms)
			AwakeInstancesAfterBackupRestoration (8ms)
Platform modules already initialized, skipping
Refreshing native plugins compatible for Editor in 3.63 ms, found 3 plugins.
Preloading 0 native plugins for Editor in 0.00 ms.
Unloading 3363 Unused Serialized files (Serialized files now loaded: 0)
Unloading 18 unused Assets / (24.7 KB). Loaded Objects now: 3901.
Memory consumption went from 140.9 MB to 140.8 MB.
Total: 4.718500 ms (FindLiveObjects: 0.312100 ms CreateObjectMapping: 0.136100 ms MarkObjects: 4.229400 ms  DeleteObjects: 0.039300 ms)

AssetImportParameters requested are different than current active one (requested -> active):
  custom:video-decoder-ogg-theora: a1e56fd34408186e4bbccfd4996cb3dc -> 
  custom:container-muxer-webm: aa71ff27fc2769a1b78a27578f13a17b -> 
  custom:container-demuxer-webm: 4f35f7cbe854078d1ac9338744f61a02 -> 
  custom:video-encoder-webm-vp8: eb34c28f22e8b96e1ab97ce403110664 -> 
  custom:audio-encoder-webm-vorbis: bf7c407c2cedff20999df2af8eb42d56 -> 
  custom:framework-win-MediaFoundation: 216162199b28c13a410421893ffa2e32 -> 
  custom:container-demuxer-ogg: 62fdf1f143b41e24485cea50d1cbac27 -> 
  custom:video-decoder-webm-vp8: 9c59270c3fd7afecdb556c50c9e8de78 -> 
  custom:audio-decoder-ogg-vorbis: bf7c407c2cedff20999df2af8eb42d56 -> 
========================================================================
Received Prepare
Registering precompiled user dll's ...
Registered in 0.004745 seconds.
Begin MonoManager ReloadAssembly
Symbol file LoadedFromMemory doesn't match image D:\TCC_Project\AprendizadoPorReforco_TCC\Library\PackageCache\com.unity.visualscripting@1.7.8\Editor\VisualScripting.Core\Dependencies\YamlDotNet\Unity.VisualScripting.YamlDotNet.dll
Symbol file LoadedFromMemory doesn't match image D:\TCC_Project\AprendizadoPorReforco_TCC\Library\PackageCache\com.unity.visualscripting@1.7.8\Editor\VisualScripting.Core\Dependencies\DotNetZip\Unity.VisualScripting.IonicZip.dll
Native extension for UWP target not found
Native extension for WindowsStandalone target not found
Refreshing native plugins compatible for Editor in 0.72 ms, found 3 plugins.
Preloading 0 native plugins for Editor in 0.00 ms.
Mono: successfully reloaded assembly
- Completed reload, in  1.340 seconds
Domain Reload Profiling:
	ReloadAssembly (1340ms)
		BeginReloadAssembly (168ms)
			ExecutionOrderSort (0ms)
			DisableScriptedObjects (8ms)
			BackupInstance (0ms)
			ReleaseScriptingObjects (0ms)
			CreateAndSetChildDomain (44ms)
		EndReloadAssembly (1042ms)
			LoadAssemblies (141ms)
			RebuildTransferFunctionScriptingTraits (0ms)
			SetupTypeCache (428ms)
			ReleaseScriptCaches (2ms)
			RebuildScriptCaches (51ms)
			SetupLoadedEditorAssemblies (374ms)
				LogAssemblyErrors (0ms)
				InitializePlatformSupportModulesInManaged (15ms)
				SetLoadedEditorAssemblies (1ms)
				RefreshPlugins (1ms)
				BeforeProcessingInitializeOnLoad (72ms)
				ProcessInitializeOnLoadAttributes (246ms)
				ProcessInitializeOnLoadMethodAttributes (32ms)
				AfterProcessingInitializeOnLoad (7ms)
				EditorAssembliesLoaded (0ms)
			ExecutionOrderSort2 (0ms)
			AwakeInstancesAfterBackupRestoration (7ms)
Platform modules already initialized, skipping
Refreshing native plugins compatible for Editor in 1.97 ms, found 3 plugins.
Preloading 0 native plugins for Editor in 0.00 ms.
Unloading 3363 Unused Serialized files (Serialized files now loaded: 0)
Unloading 18 unused Assets / (24.6 KB). Loaded Objects now: 3904.
Memory consumption went from 140.9 MB to 140.8 MB.
Total: 3.305200 ms (FindLiveObjects: 0.307500 ms CreateObjectMapping: 0.206300 ms MarkObjects: 2.760300 ms  DeleteObjects: 0.029800 ms)

AssetImportParameters requested are different than current active one (requested -> active):
  custom:video-decoder-ogg-theora: a1e56fd34408186e4bbccfd4996cb3dc -> 
  custom:container-muxer-webm: aa71ff27fc2769a1b78a27578f13a17b -> 
  custom:container-demuxer-webm: 4f35f7cbe854078d1ac9338744f61a02 -> 
  custom:video-encoder-webm-vp8: eb34c28f22e8b96e1ab97ce403110664 -> 
  custom:audio-encoder-webm-vorbis: bf7c407c2cedff20999df2af8eb42d56 -> 
  custom:framework-win-MediaFoundation: 216162199b28c13a410421893ffa2e32 -> 
  custom:container-demuxer-ogg: 62fdf1f143b41e24485cea50d1cbac27 -> 
  custom:video-decoder-webm-vp8: 9c59270c3fd7afecdb556c50c9e8de78 -> 
  custom:audio-decoder-ogg-vorbis: bf7c407c2cedff20999df2af8eb42d56 -> 
========================================================================
Received Prepare
Registering precompiled user dll's ...
Registered in 0.004565 seconds.
Begin MonoManager ReloadAssembly
Symbol file LoadedFromMemory doesn't match image D:\TCC_Project\AprendizadoPorReforco_TCC\Library\PackageCache\com.unity.visualscripting@1.7.8\Editor\VisualScripting.Core\Dependencies\YamlDotNet\Unity.VisualScripting.YamlDotNet.dll
Symbol file LoadedFromMemory doesn't match image D:\TCC_Project\AprendizadoPorReforco_TCC\Library\PackageCache\com.unity.visualscripting@1.7.8\Editor\VisualScripting.Core\Dependencies\DotNetZip\Unity.VisualScripting.IonicZip.dll
Native extension for UWP target not found
Native extension for WindowsStandalone target not found
Refreshing native plugins compatible for Editor in 0.71 ms, found 3 plugins.
Preloading 0 native plugins for Editor in 0.00 ms.
Mono: successfully reloaded assembly
- Completed reload, in  1.299 seconds
Domain Reload Profiling:
	ReloadAssembly (1299ms)
		BeginReloadAssembly (161ms)
			ExecutionOrderSort (0ms)
			DisableScriptedObjects (7ms)
			BackupInstance (0ms)
			ReleaseScriptingObjects (0ms)
			CreateAndSetChildDomain (45ms)
		EndReloadAssembly (1004ms)
			LoadAssemblies (99ms)
			RebuildTransferFunctionScriptingTraits (0ms)
			SetupTypeCache (443ms)
			ReleaseScriptCaches (1ms)
			RebuildScriptCaches (46ms)
			SetupLoadedEditorAssemblies (370ms)
				LogAssemblyErrors (0ms)
				InitializePlatformSupportModulesInManaged (16ms)
				SetLoadedEditorAssemblies (1ms)
				RefreshPlugins (1ms)
				BeforeProcessingInitializeOnLoad (69ms)
				ProcessInitializeOnLoadAttributes (247ms)
				ProcessInitializeOnLoadMethodAttributes (29ms)
				AfterProcessingInitializeOnLoad (7ms)
				EditorAssembliesLoaded (0ms)
			ExecutionOrderSort2 (0ms)
			AwakeInstancesAfterBackupRestoration (7ms)
Platform modules already initialized, skipping
Refreshing native plugins compatible for Editor in 1.99 ms, found 3 plugins.
Preloading 0 native plugins for Editor in 0.00 ms.
Unloading 3363 Unused Serialized files (Serialized files now loaded: 0)
Unloading 18 unused Assets / (24.7 KB). Loaded Objects now: 3907.
Memory consumption went from 140.9 MB to 140.9 MB.
Total: 4.410600 ms (FindLiveObjects: 0.348800 ms CreateObjectMapping: 0.785200 ms MarkObjects: 3.242500 ms  DeleteObjects: 0.032700 ms)

AssetImportParameters requested are different than current active one (requested -> active):
  custom:video-decoder-ogg-theora: a1e56fd34408186e4bbccfd4996cb3dc -> 
  custom:container-muxer-webm: aa71ff27fc2769a1b78a27578f13a17b -> 
  custom:container-demuxer-webm: 4f35f7cbe854078d1ac9338744f61a02 -> 
  custom:video-encoder-webm-vp8: eb34c28f22e8b96e1ab97ce403110664 -> 
  custom:audio-encoder-webm-vorbis: bf7c407c2cedff20999df2af8eb42d56 -> 
  custom:framework-win-MediaFoundation: 216162199b28c13a410421893ffa2e32 -> 
  custom:container-demuxer-ogg: 62fdf1f143b41e24485cea50d1cbac27 -> 
  custom:video-decoder-webm-vp8: 9c59270c3fd7afecdb556c50c9e8de78 -> 
  custom:audio-decoder-ogg-vorbis: bf7c407c2cedff20999df2af8eb42d56 -> 
========================================================================
Received Prepare
Registering precompiled user dll's ...
Registered in 0.005967 seconds.
Begin MonoManager ReloadAssembly
Symbol file LoadedFromMemory doesn't match image D:\TCC_Project\AprendizadoPorReforco_TCC\Library\PackageCache\com.unity.visualscripting@1.7.8\Editor\VisualScripting.Core\Dependencies\YamlDotNet\Unity.VisualScripting.YamlDotNet.dll
Symbol file LoadedFromMemory doesn't match image D:\TCC_Project\AprendizadoPorReforco_TCC\Library\PackageCache\com.unity.visualscripting@1.7.8\Editor\VisualScripting.Core\Dependencies\DotNetZip\Unity.VisualScripting.IonicZip.dll
Native extension for UWP target not found
Native extension for WindowsStandalone target not found
Refreshing native plugins compatible for Editor in 0.70 ms, found 3 plugins.
Preloading 0 native plugins for Editor in 0.00 ms.
Mono: successfully reloaded assembly
- Completed reload, in  1.341 seconds
Domain Reload Profiling:
	ReloadAssembly (1342ms)
		BeginReloadAssembly (178ms)
			ExecutionOrderSort (0ms)
			DisableScriptedObjects (9ms)
			BackupInstance (0ms)
			ReleaseScriptingObjects (0ms)
			CreateAndSetChildDomain (54ms)
		EndReloadAssembly (983ms)
			LoadAssemblies (150ms)
			RebuildTransferFunctionScriptingTraits (0ms)
			SetupTypeCache (363ms)
			ReleaseScriptCaches (2ms)
			RebuildScriptCaches (49ms)
			SetupLoadedEditorAssemblies (369ms)
				LogAssemblyErrors (0ms)
				InitializePlatformSupportModulesInManaged (17ms)
				SetLoadedEditorAssemblies (1ms)
				RefreshPlugins (1ms)
				BeforeProcessingInitializeOnLoad (71ms)
				ProcessInitializeOnLoadAttributes (245ms)
				ProcessInitializeOnLoadMethodAttributes (28ms)
				AfterProcessingInitializeOnLoad (7ms)
				EditorAssembliesLoaded (0ms)
			ExecutionOrderSort2 (0ms)
			AwakeInstancesAfterBackupRestoration (8ms)
Platform modules already initialized, skipping
Refreshing native plugins compatible for Editor in 2.06 ms, found 3 plugins.
Preloading 0 native plugins for Editor in 0.00 ms.
Unloading 3363 Unused Serialized files (Serialized files now loaded: 0)
Unloading 18 unused Assets / (24.6 KB). Loaded Objects now: 3910.
Memory consumption went from 140.9 MB to 140.9 MB.
Total: 3.876800 ms (FindLiveObjects: 0.325200 ms CreateObjectMapping: 0.272700 ms MarkObjects: 3.245400 ms  DeleteObjects: 0.032400 ms)

AssetImportParameters requested are different than current active one (requested -> active):
  custom:video-decoder-ogg-theora: a1e56fd34408186e4bbccfd4996cb3dc -> 
  custom:container-muxer-webm: aa71ff27fc2769a1b78a27578f13a17b -> 
  custom:container-demuxer-webm: 4f35f7cbe854078d1ac9338744f61a02 -> 
  custom:video-encoder-webm-vp8: eb34c28f22e8b96e1ab97ce403110664 -> 
  custom:audio-encoder-webm-vorbis: bf7c407c2cedff20999df2af8eb42d56 -> 
  custom:framework-win-MediaFoundation: 216162199b28c13a410421893ffa2e32 -> 
  custom:container-demuxer-ogg: 62fdf1f143b41e24485cea50d1cbac27 -> 
  custom:video-decoder-webm-vp8: 9c59270c3fd7afecdb556c50c9e8de78 -> 
  custom:audio-decoder-ogg-vorbis: bf7c407c2cedff20999df2af8eb42d56 -> 
========================================================================
Received Prepare
Registering precompiled user dll's ...
Registered in 0.004608 seconds.
Begin MonoManager ReloadAssembly
Symbol file LoadedFromMemory doesn't match image D:\TCC_Project\AprendizadoPorReforco_TCC\Library\PackageCache\com.unity.visualscripting@1.7.8\Editor\VisualScripting.Core\Dependencies\YamlDotNet\Unity.VisualScripting.YamlDotNet.dll
Symbol file LoadedFromMemory doesn't match image D:\TCC_Project\AprendizadoPorReforco_TCC\Library\PackageCache\com.unity.visualscripting@1.7.8\Editor\VisualScripting.Core\Dependencies\DotNetZip\Unity.VisualScripting.IonicZip.dll
Native extension for UWP target not found
Native extension for WindowsStandalone target not found
Refreshing native plugins compatible for Editor in 0.72 ms, found 3 plugins.
Preloading 0 native plugins for Editor in 0.00 ms.
Mono: successfully reloaded assembly
- Completed reload, in  1.368 seconds
Domain Reload Profiling:
	ReloadAssembly (1369ms)
		BeginReloadAssembly (175ms)
			ExecutionOrderSort (0ms)
			DisableScriptedObjects (8ms)
			BackupInstance (0ms)
			ReleaseScriptingObjects (0ms)
			CreateAndSetChildDomain (47ms)
		EndReloadAssembly (1060ms)
			LoadAssemblies (110ms)
			RebuildTransferFunctionScriptingTraits (0ms)
			SetupTypeCache (458ms)
			ReleaseScriptCaches (2ms)
			RebuildScriptCaches (49ms)
			SetupLoadedEditorAssemblies (398ms)
				LogAssemblyErrors (0ms)
				InitializePlatformSupportModulesInManaged (17ms)
				SetLoadedEditorAssemblies (1ms)
				RefreshPlugins (1ms)
				BeforeProcessingInitializeOnLoad (71ms)
				ProcessInitializeOnLoadAttributes (271ms)
				ProcessInitializeOnLoadMethodAttributes (29ms)
				AfterProcessingInitializeOnLoad (8ms)
				EditorAssembliesLoaded (0ms)
			ExecutionOrderSort2 (0ms)
			AwakeInstancesAfterBackupRestoration (8ms)
Platform modules already initialized, skipping
Refreshing native plugins compatible for Editor in 2.13 ms, found 3 plugins.
Preloading 0 native plugins for Editor in 0.00 ms.
Unloading 3363 Unused Serialized files (Serialized files now loaded: 0)
Unloading 18 unused Assets / (24.7 KB). Loaded Objects now: 3913.
Memory consumption went from 140.9 MB to 140.9 MB.
Total: 4.134100 ms (FindLiveObjects: 0.395900 ms CreateObjectMapping: 0.385600 ms MarkObjects: 3.305800 ms  DeleteObjects: 0.045200 ms)

AssetImportParameters requested are different than current active one (requested -> active):
  custom:video-decoder-ogg-theora: a1e56fd34408186e4bbccfd4996cb3dc -> 
  custom:container-muxer-webm: aa71ff27fc2769a1b78a27578f13a17b -> 
  custom:container-demuxer-webm: 4f35f7cbe854078d1ac9338744f61a02 -> 
  custom:video-encoder-webm-vp8: eb34c28f22e8b96e1ab97ce403110664 -> 
  custom:audio-encoder-webm-vorbis: bf7c407c2cedff20999df2af8eb42d56 -> 
  custom:framework-win-MediaFoundation: 216162199b28c13a410421893ffa2e32 -> 
  custom:container-demuxer-ogg: 62fdf1f143b41e24485cea50d1cbac27 -> 
  custom:video-decoder-webm-vp8: 9c59270c3fd7afecdb556c50c9e8de78 -> 
  custom:audio-decoder-ogg-vorbis: bf7c407c2cedff20999df2af8eb42d56 -> 
========================================================================
Received Prepare
Registering precompiled user dll's ...
Registered in 0.004769 seconds.
Begin MonoManager ReloadAssembly
Symbol file LoadedFromMemory doesn't match image D:\TCC_Project\AprendizadoPorReforco_TCC\Library\PackageCache\com.unity.visualscripting@1.7.8\Editor\VisualScripting.Core\Dependencies\YamlDotNet\Unity.VisualScripting.YamlDotNet.dll
Symbol file LoadedFromMemory doesn't match image D:\TCC_Project\AprendizadoPorReforco_TCC\Library\PackageCache\com.unity.visualscripting@1.7.8\Editor\VisualScripting.Core\Dependencies\DotNetZip\Unity.VisualScripting.IonicZip.dll
Native extension for UWP target not found
Native extension for WindowsStandalone target not found
Refreshing native plugins compatible for Editor in 1.95 ms, found 3 plugins.
Preloading 0 native plugins for Editor in 0.00 ms.
Mono: successfully reloaded assembly
- Completed reload, in  2.253 seconds
Domain Reload Profiling:
	ReloadAssembly (2254ms)
		BeginReloadAssembly (160ms)
			ExecutionOrderSort (0ms)
			DisableScriptedObjects (7ms)
			BackupInstance (0ms)
			ReleaseScriptingObjects (0ms)
			CreateAndSetChildDomain (47ms)
		EndReloadAssembly (1965ms)
			LoadAssemblies (97ms)
			RebuildTransferFunctionScriptingTraits (0ms)
			SetupTypeCache (561ms)
			ReleaseScriptCaches (2ms)
			RebuildScriptCaches (143ms)
			SetupLoadedEditorAssemblies (948ms)
				LogAssemblyErrors (0ms)
				InitializePlatformSupportModulesInManaged (39ms)
				SetLoadedEditorAssemblies (1ms)
				RefreshPlugins (2ms)
				BeforeProcessingInitializeOnLoad (155ms)
				ProcessInitializeOnLoadAttributes (655ms)
				ProcessInitializeOnLoadMethodAttributes (80ms)
				AfterProcessingInitializeOnLoad (15ms)
				EditorAssembliesLoaded (1ms)
			ExecutionOrderSort2 (0ms)
			AwakeInstancesAfterBackupRestoration (21ms)
Platform modules already initialized, skipping
Refreshing native plugins compatible for Editor in 15.15 ms, found 3 plugins.
Preloading 0 native plugins for Editor in 0.00 ms.
Unloading 3363 Unused Serialized files (Serialized files now loaded: 0)
Unloading 18 unused Assets / (24.7 KB). Loaded Objects now: 3916.
Memory consumption went from 140.9 MB to 140.9 MB.
Total: 29.064200 ms (FindLiveObjects: 1.576800 ms CreateObjectMapping: 2.735600 ms MarkObjects: 24.697200 ms  DeleteObjects: 0.052100 ms)

AssetImportParameters requested are different than current active one (requested -> active):
  custom:video-decoder-ogg-theora: a1e56fd34408186e4bbccfd4996cb3dc -> 
  custom:container-muxer-webm: aa71ff27fc2769a1b78a27578f13a17b -> 
  custom:container-demuxer-webm: 4f35f7cbe854078d1ac9338744f61a02 -> 
  custom:video-encoder-webm-vp8: eb34c28f22e8b96e1ab97ce403110664 -> 
  custom:audio-encoder-webm-vorbis: bf7c407c2cedff20999df2af8eb42d56 -> 
  custom:framework-win-MediaFoundation: 216162199b28c13a410421893ffa2e32 -> 
  custom:container-demuxer-ogg: 62fdf1f143b41e24485cea50d1cbac27 -> 
  custom:video-decoder-webm-vp8: 9c59270c3fd7afecdb556c50c9e8de78 -> 
  custom:audio-decoder-ogg-vorbis: bf7c407c2cedff20999df2af8eb42d56 -> 
